
/home/runner/work/exp-controllability-observability-iitkgp/exp-controllability-observability-iitkgp/experiment/simulation/js/DS.js
    4:10   warning  'inputChange' is defined but never used             no-unused-vars
   15:10   warning  'refresh' is defined but never used                 no-unused-vars
   30:5    warning  'dataOPPoints' is assigned a value but never used   no-unused-vars
   31:5    warning  'dataOPPoints1' is assigned a value but never used  no-unused-vars
   37:10   warning  'system' is defined but never used                  no-unused-vars
   41:1    warning  Mixed spaces and tabs                               no-mixed-spaces-and-tabs
   49:1    warning  Mixed spaces and tabs                               no-mixed-spaces-and-tabs
   53:12   warning  'math' is not defined                               no-undef
   53:21   warning  'math' is not defined                               no-undef
   53:37   warning  'math' is not defined                               no-undef
   53:52   warning  'math' is not defined                               no-undef
   55:2    warning  Mixed spaces and tabs                               no-mixed-spaces-and-tabs
   55:15   warning  'math' is not defined                               no-undef
   55:27   warning  'math' is not defined                               no-undef
   55:38   warning  'math' is not defined                               no-undef
   55:52   warning  'math' is not defined                               no-undef
   55:65   warning  'math' is not defined                               no-undef
   55:79   warning  'math' is not defined                               no-undef
   55:90   warning  'math' is not defined                               no-undef
   57:12   warning  'math' is not defined                               no-undef
   57:24   warning  'math' is not defined                               no-undef
   57:35   warning  'math' is not defined                               no-undef
   57:49   warning  'math' is not defined                               no-undef
   57:61   warning  'math' is not defined                               no-undef
   57:104  warning  Unnecessary semicolon                               no-extra-semi
   58:11   warning  'math' is not defined                               no-undef
   58:23   warning  'math' is not defined                               no-undef
   58:34   warning  'math' is not defined                               no-undef
   58:48   warning  'math' is not defined                               no-undef
   58:60   warning  'math' is not defined                               no-undef
   58:71   warning  'math' is not defined                               no-undef
   58:111  warning  Unnecessary semicolon                               no-extra-semi
   60:12   warning  'math' is not defined                               no-undef
   60:24   warning  'math' is not defined                               no-undef
   60:35   warning  'math' is not defined                               no-undef
   60:49   warning  'math' is not defined                               no-undef
   60:62   warning  'math' is not defined                               no-undef
   60:101  warning  Unnecessary semicolon                               no-extra-semi
   61:12   warning  'math' is not defined                               no-undef
   61:24   warning  'math' is not defined                               no-undef
   61:35   warning  'math' is not defined                               no-undef
   61:49   warning  'math' is not defined                               no-undef
   61:61   warning  'math' is not defined                               no-undef
   61:70   warning  'math' is not defined                               no-undef
   61:93   warning  'math' is not defined                               no-undef
   61:135  warning  Unnecessary semicolon                               no-extra-semi
   62:11   warning  'math' is not defined                               no-undef
   62:23   warning  'math' is not defined                               no-undef
   62:34   warning  'math' is not defined                               no-undef
   62:48   warning  'math' is not defined                               no-undef
   62:60   warning  'math' is not defined                               no-undef
   62:97   warning  Unnecessary semicolon                               no-extra-semi
   64:12   warning  'a13' is not defined                                no-undef
   64:16   warning  'a14' is not defined                                no-undef
   64:20   warning  'a21' is not defined                                no-undef
   64:24   warning  'a24' is not defined                                no-undef
   64:28   warning  'a31' is not defined                                no-undef
   64:32   warning  'a32' is not defined                                no-undef
   64:36   warning  'a33' is not defined                                no-undef
   64:40   warning  'a41' is not defined                                no-undef
   64:44   warning  'a44' is not defined                                no-undef
   64:48   warning  'b1' is not defined                                 no-undef
   64:51   warning  'b3' is not defined                                 no-undef
   64:54   warning  'c12' is not defined                                no-undef
   64:58   warning  'c13' is not defined                                no-undef
   64:62   warning  'c14' is not defined                                no-undef
   64:66   warning  'c21' is not defined                                no-undef
   64:70   warning  'c22' is not defined                                no-undef
   64:74   warning  'c24' is not defined                                no-undef
   64:78   warning  'd11' is not defined                                no-undef
   64:82   warning  'd21' is not defined                                no-undef
   65:12   warning  'a34' is not defined                                no-undef
   65:16   warning  'c11' is not defined                                no-undef
   65:20   warning  'c23' is not defined                                no-undef
   67:8    warning  'mA' is assigned a value but never used             no-unused-vars
   67:13   warning  'math' is not defined                               no-undef
   67:37   warning  'a13' is not defined                                no-undef
   67:42   warning  'a14' is not defined                                no-undef
   67:49   warning  'a21' is not defined                                no-undef
   67:64   warning  'a24' is not defined                                no-undef
   67:71   warning  'a31' is not defined                                no-undef
   67:76   warning  'a32' is not defined                                no-undef
   67:81   warning  'a33' is not defined                                no-undef
   67:86   warning  'a34' is not defined                                no-undef
   67:93   warning  'a41' is not defined                                no-undef
   67:108  warning  'a44' is not defined                                no-undef
   68:8    warning  'mB' is assigned a value but never used             no-unused-vars
   68:13   warning  'math' is not defined                               no-undef
   68:27   warning  'b1' is not defined                                 no-undef
   68:39   warning  'b3' is not defined                                 no-undef
   69:8    warning  'mC' is assigned a value but never used             no-unused-vars
   69:13   warning  'math' is not defined                               no-undef
   69:27   warning  'c11' is not defined                                no-undef
   69:32   warning  'c12' is not defined                                no-undef
   69:37   warning  'c13' is not defined                                no-undef
   69:42   warning  'c14' is not defined                                no-undef
   69:48   warning  'c21' is not defined                                no-undef
   69:53   warning  'c22' is not defined                                no-undef
   69:58   warning  'c23' is not defined                                no-undef
   69:63   warning  'c24' is not defined                                no-undef
   70:8    warning  'mD' is assigned a value but never used             no-unused-vars
   70:13   warning  'math' is not defined                               no-undef
   70:27   warning  'd11' is not defined                                no-undef
   70:34   warning  'd21' is not defined                                no-undef
   74:77   warning  'a13' is not defined                                no-undef
   74:87   warning  'a14' is not defined                                no-undef
   74:99   warning  'a21' is not defined                                no-undef
   74:127  warning  'a24' is not defined                                no-undef
   74:139  warning  'a31' is not defined                                no-undef
   74:149  warning  'a32' is not defined                                no-undef
   74:159  warning  'a33' is not defined                                no-undef
   74:169  warning  'a34' is not defined                                no-undef
   74:181  warning  'a41' is not defined                                no-undef
   74:211  warning  'a44' is not defined                                no-undef
   75:57   warning  'b1' is not defined                                 no-undef
   75:79   warning  'b3' is not defined                                 no-undef
   76:57   warning  'c11' is not defined                                no-undef
   76:67   warning  'c12' is not defined                                no-undef
   76:77   warning  'c13' is not defined                                no-undef
   76:87   warning  'c14' is not defined                                no-undef
   76:99   warning  'c21' is not defined                                no-undef
   76:107  warning  'c22' is not defined                                no-undef
   76:117  warning  'c23' is not defined                                no-undef
   76:127  warning  'c24' is not defined                                no-undef
   77:57   warning  'd11' is not defined                                no-undef
   77:69   warning  'd21' is not defined                                no-undef
   94:1    warning  Mixed spaces and tabs                               no-mixed-spaces-and-tabs
   95:1    warning  Mixed spaces and tabs                               no-mixed-spaces-and-tabs
   98:1    warning  Mixed spaces and tabs                               no-mixed-spaces-and-tabs
   99:1    warning  Mixed spaces and tabs                               no-mixed-spaces-and-tabs
  130:1    warning  Mixed spaces and tabs                               no-mixed-spaces-and-tabs
  150:1    warning  Mixed spaces and tabs                               no-mixed-spaces-and-tabs
  151:1    warning  Mixed spaces and tabs                               no-mixed-spaces-and-tabs
  152:1    warning  Mixed spaces and tabs                               no-mixed-spaces-and-tabs
  153:1    warning  Mixed spaces and tabs                               no-mixed-spaces-and-tabs
  160:1    warning  Mixed spaces and tabs                               no-mixed-spaces-and-tabs
  164:12   warning  'math' is not defined                               no-undef
  164:21   warning  'math' is not defined                               no-undef
  164:37   warning  'math' is not defined                               no-undef
  164:52   warning  'math' is not defined                               no-undef
  166:2    warning  Mixed spaces and tabs                               no-mixed-spaces-and-tabs
  166:15   warning  'math' is not defined                               no-undef
  166:27   warning  'math' is not defined                               no-undef
  166:38   warning  'math' is not defined                               no-undef
  166:52   warning  'math' is not defined                               no-undef
  166:65   warning  'math' is not defined                               no-undef
  166:79   warning  'math' is not defined                               no-undef
  166:90   warning  'math' is not defined                               no-undef
  168:12   warning  'math' is not defined                               no-undef
  168:24   warning  'math' is not defined                               no-undef
  168:35   warning  'math' is not defined                               no-undef
  168:49   warning  'math' is not defined                               no-undef
  168:61   warning  'math' is not defined                               no-undef
  169:11   warning  'math' is not defined                               no-undef
  169:23   warning  'math' is not defined                               no-undef
  169:34   warning  'math' is not defined                               no-undef
  169:48   warning  'math' is not defined                               no-undef
  169:60   warning  'math' is not defined                               no-undef
  169:71   warning  'math' is not defined                               no-undef
  171:12   warning  'math' is not defined                               no-undef
  171:24   warning  'math' is not defined                               no-undef
  171:35   warning  'math' is not defined                               no-undef
  171:49   warning  'math' is not defined                               no-undef
  171:62   warning  'math' is not defined                               no-undef
  172:12   warning  'math' is not defined                               no-undef
  172:24   warning  'math' is not defined                               no-undef
  172:35   warning  'math' is not defined                               no-undef
  172:49   warning  'math' is not defined                               no-undef
  172:61   warning  'math' is not defined                               no-undef
  172:70   warning  'math' is not defined                               no-undef
  172:93   warning  'math' is not defined                               no-undef
  173:11   warning  'math' is not defined                               no-undef
  173:23   warning  'math' is not defined                               no-undef
  173:34   warning  'math' is not defined                               no-undef
  173:48   warning  'math' is not defined                               no-undef
  173:60   warning  'math' is not defined                               no-undef
  175:12   warning  'a13' is not defined                                no-undef
  175:16   warning  'a14' is not defined                                no-undef
  175:20   warning  'a21' is not defined                                no-undef
  175:24   warning  'a24' is not defined                                no-undef
  175:28   warning  'a31' is not defined                                no-undef
  175:32   warning  'a32' is not defined                                no-undef
  175:36   warning  'a33' is not defined                                no-undef
  175:40   warning  'a41' is not defined                                no-undef
  175:44   warning  'a44' is not defined                                no-undef
  175:48   warning  'b1' is not defined                                 no-undef
  175:51   warning  'b3' is not defined                                 no-undef
  175:54   warning  'c12' is not defined                                no-undef
  175:58   warning  'c13' is not defined                                no-undef
  175:62   warning  'c14' is not defined                                no-undef
  175:66   warning  'c21' is not defined                                no-undef
  175:70   warning  'c22' is not defined                                no-undef
  175:74   warning  'c24' is not defined                                no-undef
  176:12   warning  'a34' is not defined                                no-undef
  176:16   warning  'c11' is not defined                                no-undef
  176:20   warning  'c23' is not defined                                no-undef
  178:8    warning  'mA' is assigned a value but never used             no-unused-vars
  178:13   warning  'math' is not defined                               no-undef
  178:37   warning  'a13' is not defined                                no-undef
  178:42   warning  'a14' is not defined                                no-undef
  178:49   warning  'a21' is not defined                                no-undef
  178:64   warning  'a24' is not defined                                no-undef
  178:71   warning  'a31' is not defined                                no-undef
  178:76   warning  'a32' is not defined                                no-undef
  178:81   warning  'a33' is not defined                                no-undef
  178:86   warning  'a34' is not defined                                no-undef
  178:93   warning  'a41' is not defined                                no-undef
  178:108  warning  'a44' is not defined                                no-undef
  179:8    warning  'mB' is assigned a value but never used             no-unused-vars
  179:13   warning  'math' is not defined                               no-undef
  179:27   warning  'b1' is not defined                                 no-undef
  179:39   warning  'b3' is not defined                                 no-undef
  180:8    warning  'mC' is assigned a value but never used             no-unused-vars
  180:12   warning  'math' is not defined                               no-undef
  180:26   warning  'c11' is not defined                                no-undef
  180:31   warning  'c12' is not defined                                no-undef
  180:36   warning  'c13' is not defined                                no-undef
  180:41   warning  'c14' is not defined                                no-undef
  180:47   warning  'c21' is not defined                                no-undef
  180:52   warning  'c22' is not defined                                no-undef
  180:57   warning  'c23' is not defined                                no-undef
  180:62   warning  'c24' is not defined                                no-undef
  182:26   warning  'a21' is not defined                                no-undef
  182:30   warning  'a13' is not defined                                no-undef
  182:34   warning  'a31' is not defined                                no-undef
  182:38   warning  'a14' is not defined                                no-undef
  182:42   warning  'a41' is not defined                                no-undef
  183:30   warning  'a13' is not defined                                no-undef
  183:34   warning  'a32' is not defined                                no-undef
  183:38   warning  'a14' is not defined                                no-undef
  184:18   warning  'a13' is not defined                                no-undef
  184:30   warning  'a13' is not defined                                no-undef
  184:34   warning  'a33' is not defined                                no-undef
  184:38   warning  'a14' is not defined                                no-undef
  185:18   warning  'a14' is not defined                                no-undef
  185:26   warning  'a24' is not defined                                no-undef
  185:30   warning  'a13' is not defined                                no-undef
  185:34   warning  'a34' is not defined                                no-undef
  185:38   warning  'a14' is not defined                                no-undef
  185:42   warning  'a44' is not defined                                no-undef
  187:14   warning  'a21' is not defined                                no-undef
  187:27   warning  'a21' is not defined                                no-undef
  187:36   warning  'a31' is not defined                                no-undef
  187:41   warning  'a24' is not defined                                no-undef
  187:45   warning  'a41' is not defined                                no-undef
  188:14   warning  'a21' is not defined                                no-undef
  188:36   warning  'a32' is not defined                                no-undef
  188:41   warning  'a24' is not defined                                no-undef
  189:14   warning  'a21' is not defined                                no-undef
  189:18   warning  'a13' is not defined                                no-undef
  189:36   warning  'a33' is not defined                                no-undef
  189:41   warning  'a24' is not defined                                no-undef
  190:14   warning  'a21' is not defined                                no-undef
  190:18   warning  'a14' is not defined                                no-undef
  190:27   warning  'a24' is not defined                                no-undef
  190:36   warning  'a34' is not defined                                no-undef
  190:41   warning  'a24' is not defined                                no-undef
  190:45   warning  'a44' is not defined                                no-undef
  192:14   warning  'a31' is not defined                                no-undef
  192:23   warning  'a32' is not defined                                no-undef
  192:27   warning  'a21' is not defined                                no-undef
  192:32   warning  'a33' is not defined                                no-undef
  192:36   warning  'a31' is not defined                                no-undef
  192:41   warning  'a34' is not defined                                no-undef
  192:45   warning  'a41' is not defined                                no-undef
  193:14   warning  'a31' is not defined                                no-undef
  193:23   warning  'a32' is not defined                                no-undef
  193:32   warning  'a33' is not defined                                no-undef
  193:36   warning  'a32' is not defined                                no-undef
  193:41   warning  'a34' is not defined                                no-undef
  194:14   warning  'a31' is not defined                                no-undef
  194:18   warning  'a13' is not defined                                no-undef
  194:23   warning  'a32' is not defined                                no-undef
  194:32   warning  'a33' is not defined                                no-undef
  194:36   warning  'a33' is not defined                                no-undef
  194:41   warning  'a34' is not defined                                no-undef
  195:14   warning  'a31' is not defined                                no-undef
  195:18   warning  'a14' is not defined                                no-undef
  195:23   warning  'a32' is not defined                                no-undef
  195:27   warning  'a24' is not defined                                no-undef
  195:32   warning  'a33' is not defined                                no-undef
  195:36   warning  'a34' is not defined                                no-undef
  195:41   warning  'a34' is not defined                                no-undef
  195:45   warning  'a44' is not defined                                no-undef
  197:14   warning  'a41' is not defined                                no-undef
  197:27   warning  'a21' is not defined                                no-undef
  197:36   warning  'a31' is not defined                                no-undef
  197:41   warning  'a44' is not defined                                no-undef
  197:45   warning  'a41' is not defined                                no-undef
  198:14   warning  'a41' is not defined                                no-undef
  198:36   warning  'a32' is not defined                                no-undef
  198:41   warning  'a44' is not defined                                no-undef
  199:14   warning  'a41' is not defined                                no-undef
  199:18   warning  'a13' is not defined                                no-undef
  199:36   warning  'a33' is not defined                                no-undef
  199:41   warning  'a44' is not defined                                no-undef
  200:14   warning  'a41' is not defined                                no-undef
  200:18   warning  'a14' is not defined                                no-undef
  200:27   warning  'a24' is not defined                                no-undef
  200:36   warning  'a34' is not defined                                no-undef
  200:41   warning  'a44' is not defined                                no-undef
  200:45   warning  'a44' is not defined                                no-undef
  204:33   warning  'a13' is not defined                                no-undef
  204:42   warning  'a14' is not defined                                no-undef
  205:33   warning  'a13' is not defined                                no-undef
  205:42   warning  'a14' is not defined                                no-undef
  206:33   warning  'a13' is not defined                                no-undef
  206:42   warning  'a14' is not defined                                no-undef
  207:33   warning  'a13' is not defined                                no-undef
  207:42   warning  'a14' is not defined                                no-undef
  209:15   warning  'a21' is not defined                                no-undef
  209:45   warning  'a24' is not defined                                no-undef
  210:15   warning  'a21' is not defined                                no-undef
  210:45   warning  'a24' is not defined                                no-undef
  211:15   warning  'a21' is not defined                                no-undef
  211:45   warning  'a24' is not defined                                no-undef
  212:15   warning  'a21' is not defined                                no-undef
  212:45   warning  'a24' is not defined                                no-undef
  214:15   warning  'a31' is not defined                                no-undef
  214:25   warning  'a32' is not defined                                no-undef
  214:35   warning  'a33' is not defined                                no-undef
  214:45   warning  'a34' is not defined                                no-undef
  215:15   warning  'a31' is not defined                                no-undef
  215:25   warning  'a32' is not defined                                no-undef
  215:35   warning  'a33' is not defined                                no-undef
  215:45   warning  'a34' is not defined                                no-undef
  216:15   warning  'a31' is not defined                                no-undef
  216:25   warning  'a32' is not defined                                no-undef
  216:35   warning  'a33' is not defined                                no-undef
  216:45   warning  'a34' is not defined                                no-undef
  217:15   warning  'a31' is not defined                                no-undef
  217:25   warning  'a32' is not defined                                no-undef
  217:35   warning  'a33' is not defined                                no-undef
  217:45   warning  'a34' is not defined                                no-undef
  219:15   warning  'a41' is not defined                                no-undef
  219:45   warning  'a44' is not defined                                no-undef
  220:15   warning  'a41' is not defined                                no-undef
  220:45   warning  'a44' is not defined                                no-undef
  221:15   warning  'a41' is not defined                                no-undef
  221:45   warning  'a44' is not defined                                no-undef
  222:15   warning  'a41' is not defined                                no-undef
  222:45   warning  'a44' is not defined                                no-undef
  226:13   warning  'math' is not defined                               no-undef
  226:25   warning  'math' is not defined                               no-undef
  226:36   warning  'math' is not defined                               no-undef
  226:50   warning  'b1' is not defined                                 no-undef
  226:66   warning  'b3' is not defined                                 no-undef
  226:69   warning  'a13' is not defined                                no-undef
  226:77   warning  'a14' is not defined                                no-undef
  227:13   warning  'math' is not defined                               no-undef
  227:25   warning  'math' is not defined                               no-undef
  227:36   warning  'math' is not defined                               no-undef
  227:50   warning  'b1' is not defined                                 no-undef
  227:53   warning  'a21' is not defined                                no-undef
  227:66   warning  'b3' is not defined                                 no-undef
  227:77   warning  'a24' is not defined                                no-undef
  228:13   warning  'math' is not defined                               no-undef
  228:25   warning  'math' is not defined                               no-undef
  228:36   warning  'math' is not defined                               no-undef
  228:50   warning  'b1' is not defined                                 no-undef
  228:53   warning  'a31' is not defined                                no-undef
  228:61   warning  'a32' is not defined                                no-undef
  228:66   warning  'b3' is not defined                                 no-undef
  228:69   warning  'a33' is not defined                                no-undef
  228:77   warning  'a34' is not defined                                no-undef
  229:13   warning  'math' is not defined                               no-undef
  229:25   warning  'math' is not defined                               no-undef
  229:36   warning  'math' is not defined                               no-undef
  229:50   warning  'b1' is not defined                                 no-undef
  229:53   warning  'a41' is not defined                                no-undef
  229:66   warning  'b3' is not defined                                 no-undef
  229:77   warning  'a44' is not defined                                no-undef
  233:14   warning  'math' is not defined                               no-undef
  233:26   warning  'math' is not defined                               no-undef
  233:37   warning  'math' is not defined                               no-undef
  233:51   warning  'b1' is not defined                                 no-undef
  233:69   warning  'b3' is not defined                                 no-undef
  234:14   warning  'math' is not defined                               no-undef
  234:26   warning  'math' is not defined                               no-undef
  234:37   warning  'math' is not defined                               no-undef
  234:51   warning  'b1' is not defined                                 no-undef
  234:69   warning  'b3' is not defined                                 no-undef
  235:14   warning  'math' is not defined                               no-undef
  235:26   warning  'math' is not defined                               no-undef
  235:37   warning  'math' is not defined                               no-undef
  235:51   warning  'b1' is not defined                                 no-undef
  235:69   warning  'b3' is not defined                                 no-undef
  236:14   warning  'math' is not defined                               no-undef
  236:26   warning  'math' is not defined                               no-undef
  236:37   warning  'math' is not defined                               no-undef
  236:51   warning  'b1' is not defined                                 no-undef
  236:69   warning  'b3' is not defined                                 no-undef
  240:15   warning  'math' is not defined                               no-undef
  240:27   warning  'math' is not defined                               no-undef
  240:38   warning  'math' is not defined                               no-undef
  240:52   warning  'b1' is not defined                                 no-undef
  240:72   warning  'b3' is not defined                                 no-undef
  241:15   warning  'math' is not defined                               no-undef
  241:27   warning  'math' is not defined                               no-undef
  241:38   warning  'math' is not defined                               no-undef
  241:52   warning  'b1' is not defined                                 no-undef
  241:72   warning  'b3' is not defined                                 no-undef
  242:15   warning  'math' is not defined                               no-undef
  242:27   warning  'math' is not defined                               no-undef
  242:38   warning  'math' is not defined                               no-undef
  242:52   warning  'b1' is not defined                                 no-undef
  242:72   warning  'b3' is not defined                                 no-undef
  243:15   warning  'math' is not defined                               no-undef
  243:27   warning  'math' is not defined                               no-undef
  243:38   warning  'math' is not defined                               no-undef
  243:52   warning  'b1' is not defined                                 no-undef
  243:72   warning  'b3' is not defined                                 no-undef
  246:11   warning  'math' is not defined                               no-undef
  246:24   warning  'b1' is not defined                                 no-undef
  246:32   warning  'b3' is not defined                                 no-undef
  247:12   warning  'math' is not defined                               no-undef
  248:13   warning  'math' is not defined                               no-undef
  249:14   warning  'math' is not defined                               no-undef
  260:12   warning  'math' is not defined                               no-undef
  260:26   warning  'b1' is not defined                                 no-undef
  260:72   warning  'b3' is not defined                                 no-undef
  262:70   warning  'b1' is not defined                                 no-undef
  262:156  warning  'b3' is not defined                                 no-undef
  264:13   warning  'math' is not defined                               no-undef
  264:25   warning  'math' is not defined                               no-undef
  264:36   warning  'math' is not defined                               no-undef
  264:50   warning  'math' is not defined                               no-undef
  272:2    warning  Mixed spaces and tabs                               no-mixed-spaces-and-tabs
  273:2    warning  Mixed spaces and tabs                               no-mixed-spaces-and-tabs
  274:3    warning  Mixed spaces and tabs                               no-mixed-spaces-and-tabs
  275:3    warning  Mixed spaces and tabs                               no-mixed-spaces-and-tabs
  276:3    warning  Mixed spaces and tabs                               no-mixed-spaces-and-tabs
  277:3    warning  Mixed spaces and tabs                               no-mixed-spaces-and-tabs
  278:3    warning  Mixed spaces and tabs                               no-mixed-spaces-and-tabs
  280:3    warning  Mixed spaces and tabs                               no-mixed-spaces-and-tabs
  281:3    warning  Mixed spaces and tabs                               no-mixed-spaces-and-tabs
  282:2    warning  Mixed spaces and tabs                               no-mixed-spaces-and-tabs
  283:3    warning  Mixed spaces and tabs                               no-mixed-spaces-and-tabs
  284:3    warning  Mixed spaces and tabs                               no-mixed-spaces-and-tabs
  285:4    warning  Mixed spaces and tabs                               no-mixed-spaces-and-tabs
  286:4    warning  Mixed spaces and tabs                               no-mixed-spaces-and-tabs
  287:3    warning  Mixed spaces and tabs                               no-mixed-spaces-and-tabs
  290:10   warning  'showRank' is defined but never used                no-unused-vars
  294:10   warning  'showDetQc' is defined but never used               no-unused-vars
  298:10   warning  'showinfo' is defined but never used                no-unused-vars
  314:1    warning  Mixed spaces and tabs                               no-mixed-spaces-and-tabs
  316:1    warning  Mixed spaces and tabs                               no-mixed-spaces-and-tabs
  322:1    warning  Mixed spaces and tabs                               no-mixed-spaces-and-tabs
  326:12   warning  'math' is not defined                               no-undef
  326:21   warning  'math' is not defined                               no-undef
  326:37   warning  'math' is not defined                               no-undef
  326:52   warning  'math' is not defined                               no-undef
  328:2    warning  Mixed spaces and tabs                               no-mixed-spaces-and-tabs
  328:15   warning  'math' is not defined                               no-undef
  328:27   warning  'math' is not defined                               no-undef
  328:38   warning  'math' is not defined                               no-undef
  328:52   warning  'math' is not defined                               no-undef
  328:65   warning  'math' is not defined                               no-undef
  328:79   warning  'math' is not defined                               no-undef
  328:90   warning  'math' is not defined                               no-undef
  330:12   warning  'math' is not defined                               no-undef
  330:24   warning  'math' is not defined                               no-undef
  330:35   warning  'math' is not defined                               no-undef
  330:49   warning  'math' is not defined                               no-undef
  330:61   warning  'math' is not defined                               no-undef
  330:104  warning  Unnecessary semicolon                               no-extra-semi
  331:8    warning  'b2' is assigned a value but never used             no-unused-vars
  331:11   warning  'math' is not defined                               no-undef
  331:23   warning  'math' is not defined                               no-undef
  331:34   warning  'math' is not defined                               no-undef
  331:48   warning  'math' is not defined                               no-undef
  331:60   warning  'math' is not defined                               no-undef
  331:71   warning  'math' is not defined                               no-undef
  331:111  warning  Unnecessary semicolon                               no-extra-semi
  333:12   warning  'math' is not defined                               no-undef
  333:24   warning  'math' is not defined                               no-undef
  333:35   warning  'math' is not defined                               no-undef
  333:49   warning  'math' is not defined                               no-undef
  333:62   warning  'math' is not defined                               no-undef
  333:101  warning  Unnecessary semicolon                               no-extra-semi
  334:12   warning  'math' is not defined                               no-undef
  334:24   warning  'math' is not defined                               no-undef
  334:35   warning  'math' is not defined                               no-undef
  334:49   warning  'math' is not defined                               no-undef
  334:61   warning  'math' is not defined                               no-undef
  334:70   warning  'math' is not defined                               no-undef
  334:93   warning  'math' is not defined                               no-undef
  334:135  warning  Unnecessary semicolon                               no-extra-semi
  335:8    warning  'b4' is assigned a value but never used             no-unused-vars
  335:11   warning  'math' is not defined                               no-undef
  335:23   warning  'math' is not defined                               no-undef
  335:34   warning  'math' is not defined                               no-undef
  335:48   warning  'math' is not defined                               no-undef
  335:60   warning  'math' is not defined                               no-undef
  335:97   warning  Unnecessary semicolon                               no-extra-semi
  337:12   warning  'a13' is not defined                                no-undef
  337:16   warning  'a14' is not defined                                no-undef
  337:20   warning  'a21' is not defined                                no-undef
  337:24   warning  'a24' is not defined                                no-undef
  337:28   warning  'a31' is not defined                                no-undef
  337:32   warning  'a32' is not defined                                no-undef
  337:36   warning  'a33' is not defined                                no-undef
  337:40   warning  'a41' is not defined                                no-undef
  337:44   warning  'a44' is not defined                                no-undef
  337:48   warning  'b1' is not defined                                 no-undef
  337:51   warning  'b3' is not defined                                 no-undef
  337:54   warning  'c12' is not defined                                no-undef
  337:58   warning  'c13' is not defined                                no-undef
  337:62   warning  'c14' is not defined                                no-undef
  337:66   warning  'c21' is not defined                                no-undef
  337:70   warning  'c22' is not defined                                no-undef
  337:74   warning  'c24' is not defined                                no-undef
  338:12   warning  'a34' is not defined                                no-undef
  338:16   warning  'c11' is not defined                                no-undef
  338:20   warning  'c23' is not defined                                no-undef
  341:26   warning  'a21' is not defined                                no-undef
  341:30   warning  'a13' is not defined                                no-undef
  341:34   warning  'a31' is not defined                                no-undef
  341:38   warning  'a14' is not defined                                no-undef
  341:42   warning  'a41' is not defined                                no-undef
  342:30   warning  'a13' is not defined                                no-undef
  342:34   warning  'a32' is not defined                                no-undef
  342:38   warning  'a14' is not defined                                no-undef
  343:18   warning  'a13' is not defined                                no-undef
  343:30   warning  'a13' is not defined                                no-undef
  343:34   warning  'a33' is not defined                                no-undef
  343:38   warning  'a14' is not defined                                no-undef
  344:18   warning  'a14' is not defined                                no-undef
  344:26   warning  'a24' is not defined                                no-undef
  344:30   warning  'a13' is not defined                                no-undef
  344:34   warning  'a34' is not defined                                no-undef
  344:38   warning  'a14' is not defined                                no-undef
  344:42   warning  'a44' is not defined                                no-undef
  346:14   warning  'a21' is not defined                                no-undef
  346:27   warning  'a21' is not defined                                no-undef
  346:36   warning  'a31' is not defined                                no-undef
  346:41   warning  'a24' is not defined                                no-undef
  346:45   warning  'a41' is not defined                                no-undef
  347:14   warning  'a21' is not defined                                no-undef
  347:36   warning  'a32' is not defined                                no-undef
  347:41   warning  'a24' is not defined                                no-undef
  348:14   warning  'a21' is not defined                                no-undef
  348:18   warning  'a13' is not defined                                no-undef
  348:36   warning  'a33' is not defined                                no-undef
  348:41   warning  'a24' is not defined                                no-undef
  349:14   warning  'a21' is not defined                                no-undef
  349:18   warning  'a14' is not defined                                no-undef
  349:27   warning  'a24' is not defined                                no-undef
  349:36   warning  'a34' is not defined                                no-undef
  349:41   warning  'a24' is not defined                                no-undef
  349:45   warning  'a44' is not defined                                no-undef
  351:14   warning  'a31' is not defined                                no-undef
  351:23   warning  'a32' is not defined                                no-undef
  351:27   warning  'a21' is not defined                                no-undef
  351:32   warning  'a33' is not defined                                no-undef
  351:36   warning  'a31' is not defined                                no-undef
  351:41   warning  'a34' is not defined                                no-undef
  351:45   warning  'a41' is not defined                                no-undef
  352:14   warning  'a31' is not defined                                no-undef
  352:23   warning  'a32' is not defined                                no-undef
  352:32   warning  'a33' is not defined                                no-undef
  352:36   warning  'a32' is not defined                                no-undef
  352:41   warning  'a34' is not defined                                no-undef
  353:14   warning  'a31' is not defined                                no-undef
  353:18   warning  'a13' is not defined                                no-undef
  353:23   warning  'a32' is not defined                                no-undef
  353:32   warning  'a33' is not defined                                no-undef
  353:36   warning  'a33' is not defined                                no-undef
  353:41   warning  'a34' is not defined                                no-undef
  354:14   warning  'a31' is not defined                                no-undef
  354:18   warning  'a14' is not defined                                no-undef
  354:23   warning  'a32' is not defined                                no-undef
  354:27   warning  'a24' is not defined                                no-undef
  354:32   warning  'a33' is not defined                                no-undef
  354:36   warning  'a34' is not defined                                no-undef
  354:41   warning  'a34' is not defined                                no-undef
  354:45   warning  'a44' is not defined                                no-undef
  356:14   warning  'a41' is not defined                                no-undef
  356:27   warning  'a21' is not defined                                no-undef
  356:36   warning  'a31' is not defined                                no-undef
  356:41   warning  'a44' is not defined                                no-undef
  356:45   warning  'a41' is not defined                                no-undef
  357:14   warning  'a41' is not defined                                no-undef
  357:36   warning  'a32' is not defined                                no-undef
  357:41   warning  'a44' is not defined                                no-undef
  358:14   warning  'a41' is not defined                                no-undef
  358:18   warning  'a13' is not defined                                no-undef
  358:36   warning  'a33' is not defined                                no-undef
  358:41   warning  'a44' is not defined                                no-undef
  359:14   warning  'a41' is not defined                                no-undef
  359:18   warning  'a14' is not defined                                no-undef
  359:27   warning  'a24' is not defined                                no-undef
  359:36   warning  'a34' is not defined                                no-undef
  359:41   warning  'a44' is not defined                                no-undef
  359:45   warning  'a44' is not defined                                no-undef
  363:33   warning  'a13' is not defined                                no-undef
  363:42   warning  'a14' is not defined                                no-undef
  364:33   warning  'a13' is not defined                                no-undef
  364:42   warning  'a14' is not defined                                no-undef
  365:33   warning  'a13' is not defined                                no-undef
  365:42   warning  'a14' is not defined                                no-undef
  366:33   warning  'a13' is not defined                                no-undef
  366:42   warning  'a14' is not defined                                no-undef
  368:15   warning  'a21' is not defined                                no-undef
  368:45   warning  'a24' is not defined                                no-undef
  369:15   warning  'a21' is not defined                                no-undef
  369:45   warning  'a24' is not defined                                no-undef
  370:15   warning  'a21' is not defined                                no-undef
  370:45   warning  'a24' is not defined                                no-undef
  371:15   warning  'a21' is not defined                                no-undef
  371:45   warning  'a24' is not defined                                no-undef
  373:15   warning  'a31' is not defined                                no-undef
  373:25   warning  'a32' is not defined                                no-undef
  373:35   warning  'a33' is not defined                                no-undef
  373:45   warning  'a34' is not defined                                no-undef
  374:15   warning  'a31' is not defined                                no-undef
  374:25   warning  'a32' is not defined                                no-undef
  374:35   warning  'a33' is not defined                                no-undef
  374:45   warning  'a34' is not defined                                no-undef
  375:15   warning  'a31' is not defined                                no-undef
  375:25   warning  'a32' is not defined                                no-undef
  375:35   warning  'a33' is not defined                                no-undef
  375:45   warning  'a34' is not defined                                no-undef
  376:15   warning  'a31' is not defined                                no-undef
  376:25   warning  'a32' is not defined                                no-undef
  376:35   warning  'a33' is not defined                                no-undef
  376:45   warning  'a34' is not defined                                no-undef
  378:15   warning  'a41' is not defined                                no-undef
  378:45   warning  'a44' is not defined                                no-undef
  379:15   warning  'a41' is not defined                                no-undef
  379:45   warning  'a44' is not defined                                no-undef
  380:15   warning  'a41' is not defined                                no-undef
  380:45   warning  'a44' is not defined                                no-undef
  381:15   warning  'a41' is not defined                                no-undef
  381:45   warning  'a44' is not defined                                no-undef
  385:14   warning  'math' is not defined                               no-undef
  385:26   warning  'math' is not defined                               no-undef
  385:37   warning  'math' is not defined                               no-undef
  385:51   warning  'c11' is not defined                                no-undef
  385:60   warning  'c12' is not defined                                no-undef
  385:64   warning  'a21' is not defined                                no-undef
  385:69   warning  'c13' is not defined                                no-undef
  385:73   warning  'a31' is not defined                                no-undef
  385:78   warning  'c14' is not defined                                no-undef
  385:82   warning  'a41' is not defined                                no-undef
  386:14   warning  'math' is not defined                               no-undef
  386:26   warning  'math' is not defined                               no-undef
  386:37   warning  'math' is not defined                               no-undef
  386:51   warning  'c11' is not defined                                no-undef
  386:60   warning  'c12' is not defined                                no-undef
  386:69   warning  'c13' is not defined                                no-undef
  386:73   warning  'a32' is not defined                                no-undef
  386:78   warning  'c14' is not defined                                no-undef
  387:14   warning  'math' is not defined                               no-undef
  387:26   warning  'math' is not defined                               no-undef
  387:37   warning  'math' is not defined                               no-undef
  387:51   warning  'c11' is not defined                                no-undef
  387:55   warning  'a13' is not defined                                no-undef
  387:60   warning  'c12' is not defined                                no-undef
  387:69   warning  'c13' is not defined                                no-undef
  387:73   warning  'a33' is not defined                                no-undef
  387:78   warning  'c14' is not defined                                no-undef
  388:14   warning  'math' is not defined                               no-undef
  388:26   warning  'math' is not defined                               no-undef
  388:37   warning  'math' is not defined                               no-undef
  388:51   warning  'c11' is not defined                                no-undef
  388:55   warning  'a14' is not defined                                no-undef
  388:60   warning  'c12' is not defined                                no-undef
  388:64   warning  'a24' is not defined                                no-undef
  388:69   warning  'c13' is not defined                                no-undef
  388:73   warning  'a34' is not defined                                no-undef
  388:78   warning  'c14' is not defined                                no-undef
  388:82   warning  'a44' is not defined                                no-undef
  390:14   warning  'math' is not defined                               no-undef
  390:26   warning  'math' is not defined                               no-undef
  390:37   warning  'math' is not defined                               no-undef
  390:51   warning  'c21' is not defined                                no-undef
  390:60   warning  'c22' is not defined                                no-undef
  390:64   warning  'a21' is not defined                                no-undef
  390:69   warning  'c23' is not defined                                no-undef
  390:73   warning  'a31' is not defined                                no-undef
  390:78   warning  'c24' is not defined                                no-undef
  390:82   warning  'a41' is not defined                                no-undef
  391:14   warning  'math' is not defined                               no-undef
  391:26   warning  'math' is not defined                               no-undef
  391:37   warning  'math' is not defined                               no-undef
  391:51   warning  'c21' is not defined                                no-undef
  391:60   warning  'c22' is not defined                                no-undef
  391:69   warning  'c23' is not defined                                no-undef
  391:73   warning  'a32' is not defined                                no-undef
  391:78   warning  'c24' is not defined                                no-undef
  392:14   warning  'math' is not defined                               no-undef
  392:26   warning  'math' is not defined                               no-undef
  392:37   warning  'math' is not defined                               no-undef
  392:51   warning  'c21' is not defined                                no-undef
  392:55   warning  'a13' is not defined                                no-undef
  392:60   warning  'c22' is not defined                                no-undef
  392:69   warning  'c23' is not defined                                no-undef
  392:73   warning  'a33' is not defined                                no-undef
  392:78   warning  'c24' is not defined                                no-undef
  393:14   warning  'math' is not defined                               no-undef
  393:26   warning  'math' is not defined                               no-undef
  393:37   warning  'math' is not defined                               no-undef
  393:51   warning  'c21' is not defined                                no-undef
  393:55   warning  'a14' is not defined                                no-undef
  393:60   warning  'c22' is not defined                                no-undef
  393:64   warning  'a24' is not defined                                no-undef
  393:69   warning  'c23' is not defined                                no-undef
  393:73   warning  'a34' is not defined                                no-undef
  393:78   warning  'c24' is not defined                                no-undef
  393:82   warning  'a44' is not defined                                no-undef
  397:15   warning  'math' is not defined                               no-undef
  397:27   warning  'math' is not defined                               no-undef
  397:38   warning  'math' is not defined                               no-undef
  397:52   warning  'c11' is not defined                                no-undef
  397:62   warning  'c12' is not defined                                no-undef
  397:72   warning  'c13' is not defined                                no-undef
  397:82   warning  'c14' is not defined                                no-undef
  398:15   warning  'math' is not defined                               no-undef
  398:27   warning  'math' is not defined                               no-undef
  398:38   warning  'math' is not defined                               no-undef
  398:52   warning  'c11' is not defined                                no-undef
  398:62   warning  'c12' is not defined                                no-undef
  398:72   warning  'c13' is not defined                                no-undef
  398:82   warning  'c14' is not defined                                no-undef
  399:15   warning  'math' is not defined                               no-undef
  399:27   warning  'math' is not defined                               no-undef
  399:38   warning  'math' is not defined                               no-undef
  399:52   warning  'c11' is not defined                                no-undef
  399:62   warning  'c12' is not defined                                no-undef
  399:72   warning  'c13' is not defined                                no-undef
  399:82   warning  'c14' is not defined                                no-undef
  400:15   warning  'math' is not defined                               no-undef
  400:27   warning  'math' is not defined                               no-undef
  400:38   warning  'math' is not defined                               no-undef
  400:52   warning  'c11' is not defined                                no-undef
  400:62   warning  'c12' is not defined                                no-undef
  400:72   warning  'c13' is not defined                                no-undef
  400:82   warning  'c14' is not defined                                no-undef
  402:15   warning  'math' is not defined                               no-undef
  402:27   warning  'math' is not defined                               no-undef
  402:38   warning  'math' is not defined                               no-undef
  402:52   warning  'c21' is not defined                                no-undef
  402:62   warning  'c22' is not defined                                no-undef
  402:72   warning  'c23' is not defined                                no-undef
  402:82   warning  'c24' is not defined                                no-undef
  403:15   warning  'math' is not defined                               no-undef
  403:27   warning  'math' is not defined                               no-undef
  403:38   warning  'math' is not defined                               no-undef
  403:52   warning  'c21' is not defined                                no-undef
  403:62   warning  'c22' is not defined                                no-undef
  403:72   warning  'c23' is not defined                                no-undef
  403:82   warning  'c24' is not defined                                no-undef
  404:15   warning  'math' is not defined                               no-undef
  404:27   warning  'math' is not defined                               no-undef
  404:38   warning  'math' is not defined                               no-undef
  404:52   warning  'c21' is not defined                                no-undef
  404:62   warning  'c22' is not defined                                no-undef
  404:72   warning  'c23' is not defined                                no-undef
  404:82   warning  'c24' is not defined                                no-undef
  405:15   warning  'math' is not defined                               no-undef
  405:27   warning  'math' is not defined                               no-undef
  405:38   warning  'math' is not defined                               no-undef
  405:52   warning  'c21' is not defined                                no-undef
  405:62   warning  'c22' is not defined                                no-undef
  405:72   warning  'c23' is not defined                                no-undef
  405:82   warning  'c24' is not defined                                no-undef
  409:16   warning  'math' is not defined                               no-undef
  409:28   warning  'math' is not defined                               no-undef
  409:39   warning  'math' is not defined                               no-undef
  409:53   warning  'c11' is not defined                                no-undef
  409:64   warning  'c12' is not defined                                no-undef
  409:75   warning  'c13' is not defined                                no-undef
  409:86   warning  'c14' is not defined                                no-undef
  410:16   warning  'math' is not defined                               no-undef
  410:28   warning  'math' is not defined                               no-undef
  410:39   warning  'math' is not defined                               no-undef
  410:53   warning  'c11' is not defined                                no-undef
  410:64   warning  'c12' is not defined                                no-undef
  410:75   warning  'c13' is not defined                                no-undef
  410:86   warning  'c14' is not defined                                no-undef
  411:16   warning  'math' is not defined                               no-undef
  411:28   warning  'math' is not defined                               no-undef
  411:39   warning  'math' is not defined                               no-undef
  411:53   warning  'c11' is not defined                                no-undef
  411:64   warning  'c12' is not defined                                no-undef
  411:75   warning  'c13' is not defined                                no-undef
  411:86   warning  'c14' is not defined                                no-undef
  412:16   warning  'math' is not defined                               no-undef
  412:28   warning  'math' is not defined                               no-undef
  412:39   warning  'math' is not defined                               no-undef
  412:53   warning  'c11' is not defined                                no-undef
  412:64   warning  'c12' is not defined                                no-undef
  412:75   warning  'c13' is not defined                                no-undef
  412:86   warning  'c14' is not defined                                no-undef
  414:16   warning  'math' is not defined                               no-undef
  414:28   warning  'math' is not defined                               no-undef
  414:39   warning  'math' is not defined                               no-undef
  414:53   warning  'c21' is not defined                                no-undef
  414:64   warning  'c22' is not defined                                no-undef
  414:75   warning  'c23' is not defined                                no-undef
  414:86   warning  'c24' is not defined                                no-undef
  415:16   warning  'math' is not defined                               no-undef
  415:28   warning  'math' is not defined                               no-undef
  415:39   warning  'math' is not defined                               no-undef
  415:53   warning  'c21' is not defined                                no-undef
  415:64   warning  'c22' is not defined                                no-undef
  415:75   warning  'c23' is not defined                                no-undef
  415:86   warning  'c24' is not defined                                no-undef
  416:16   warning  'math' is not defined                               no-undef
  416:28   warning  'math' is not defined                               no-undef
  416:39   warning  'math' is not defined                               no-undef
  416:53   warning  'c21' is not defined                                no-undef
  416:64   warning  'c22' is not defined                                no-undef
  416:75   warning  'c23' is not defined                                no-undef
  416:86   warning  'c24' is not defined                                no-undef
  417:16   warning  'math' is not defined                               no-undef
  417:28   warning  'math' is not defined                               no-undef
  417:39   warning  'math' is not defined                               no-undef
  417:53   warning  'c21' is not defined                                no-undef
  417:64   warning  'c22' is not defined                                no-undef
  417:75   warning  'c23' is not defined                                no-undef
  417:86   warning  'c24' is not defined                                no-undef
  420:8    warning  'C' is assigned a value but never used              no-unused-vars
  420:11   warning  'math' is not defined                               no-undef
  420:25   warning  'c11' is not defined                                no-undef
  420:30   warning  'c12' is not defined                                no-undef
  420:35   warning  'c13' is not defined                                no-undef
  420:40   warning  'c14' is not defined                                no-undef
  420:46   warning  'c21' is not defined                                no-undef
  420:51   warning  'c22' is not defined                                no-undef
  420:56   warning  'c23' is not defined                                no-undef
  420:61   warning  'c24' is not defined                                no-undef
  421:8    warning  'CA' is assigned a value but never used             no-unused-vars
  421:12   warning  'math' is not defined                               no-undef
  422:8    warning  'CAA' is assigned a value but never used            no-unused-vars
  422:13   warning  'math' is not defined                               no-undef
  423:8    warning  'CAAA' is assigned a value but never used           no-unused-vars
  423:14   warning  'math' is not defined                               no-undef
  431:13   warning  'math' is not defined                               no-undef
  431:27   warning  'c11' is not defined                                no-undef
  431:32   warning  'c12' is not defined                                no-undef
  431:37   warning  'c13' is not defined                                no-undef
  431:42   warning  'c14' is not defined                                no-undef
  431:48   warning  'c21' is not defined                                no-undef
  431:53   warning  'c22' is not defined                                no-undef
  431:58   warning  'c23' is not defined                                no-undef
  431:63   warning  'c24' is not defined                                no-undef
  433:69   warning  'c11' is not defined                                no-undef
  433:79   warning  'c12' is not defined                                no-undef
  433:89   warning  'c13' is not defined                                no-undef
  433:99   warning  'c14' is not defined                                no-undef
  433:111  warning  'c21' is not defined                                no-undef
  433:119  warning  'c22' is not defined                                no-undef
  433:129  warning  'c23' is not defined                                no-undef
  433:139  warning  'c24' is not defined                                no-undef
  435:14   warning  'math' is not defined                               no-undef
  435:26   warning  'math' is not defined                               no-undef
  435:37   warning  'math' is not defined                               no-undef
  435:51   warning  'math' is not defined                               no-undef
  441:13   warning  'math' is not defined                               no-undef
  441:27   warning  'c11' is not defined                                no-undef
  441:32   warning  'c12' is not defined                                no-undef
  441:37   warning  'c13' is not defined                                no-undef
  441:42   warning  'c14' is not defined                                no-undef
  442:13   warning  'math' is not defined                               no-undef
  448:13   warning  'math' is not defined                               no-undef
  448:27   warning  'c21' is not defined                                no-undef
  448:32   warning  'c22' is not defined                                no-undef
  448:37   warning  'c23' is not defined                                no-undef
  448:42   warning  'c24' is not defined                                no-undef
  449:13   warning  'math' is not defined                               no-undef
  460:13   warning  'math' is not defined                               no-undef
  460:27   warning  'c11' is not defined                                no-undef
  460:32   warning  'c12' is not defined                                no-undef
  460:37   warning  'c13' is not defined                                no-undef
  460:42   warning  'c14' is not defined                                no-undef
  460:48   warning  'c21' is not defined                                no-undef
  460:53   warning  'c22' is not defined                                no-undef
  460:58   warning  'c23' is not defined                                no-undef
  460:63   warning  'c24' is not defined                                no-undef
  463:3    warning  Mixed spaces and tabs                               no-mixed-spaces-and-tabs
  464:3    warning  Mixed spaces and tabs                               no-mixed-spaces-and-tabs
  465:3    warning  Mixed spaces and tabs                               no-mixed-spaces-and-tabs
  466:59   warning  'c11' is not defined                                no-undef
  466:69   warning  'c12' is not defined                                no-undef
  466:79   warning  'c13' is not defined                                no-undef
  466:89   warning  'c14' is not defined                                no-undef
  466:101  warning  'c21' is not defined                                no-undef
  466:109  warning  'c22' is not defined                                no-undef
  466:119  warning  'c23' is not defined                                no-undef
  466:129  warning  'c24' is not defined                                no-undef
  497:3    warning  Mixed spaces and tabs                               no-mixed-spaces-and-tabs
  499:3    warning  Mixed spaces and tabs                               no-mixed-spaces-and-tabs
  500:3    warning  Mixed spaces and tabs                               no-mixed-spaces-and-tabs
  501:3    warning  Mixed spaces and tabs                               no-mixed-spaces-and-tabs
  502:3    warning  Mixed spaces and tabs                               no-mixed-spaces-and-tabs
  503:3    warning  Mixed spaces and tabs                               no-mixed-spaces-and-tabs
  505:3    warning  Mixed spaces and tabs                               no-mixed-spaces-and-tabs
  506:3    warning  Mixed spaces and tabs                               no-mixed-spaces-and-tabs
  507:2    warning  Mixed spaces and tabs                               no-mixed-spaces-and-tabs
  508:3    warning  Mixed spaces and tabs                               no-mixed-spaces-and-tabs
  509:3    warning  Mixed spaces and tabs                               no-mixed-spaces-and-tabs
  510:4    warning  Mixed spaces and tabs                               no-mixed-spaces-and-tabs
  511:4    warning  Mixed spaces and tabs                               no-mixed-spaces-and-tabs
  512:3    warning  Mixed spaces and tabs                               no-mixed-spaces-and-tabs
  514:1    warning  Mixed spaces and tabs                               no-mixed-spaces-and-tabs
  517:10   warning  'showRankQo' is defined but never used              no-unused-vars
  521:10   warning  'showDetQo' is defined but never used               no-unused-vars
  525:10   warning  'showinfoQo' is defined but never used              no-unused-vars
  529:10   warning  'test1' is defined but never used                   no-unused-vars
  534:10   warning  'test2' is defined but never used                   no-unused-vars
  542:10   warning  'str' is defined but never used                     no-unused-vars

 913 problems (0 errors, 913 warnings)
  0 errors and 10 warnings potentially fixable with the `--fix` option.

